<?xml version="1.0" encoding="UTF-8"?>
<testsuite name="task.PersonQueueTest" tests="6" skipped="0" failures="0" errors="0" timestamp="2025-04-07T16:10:58" hostname="NKs-MacBook-Pro.local" time="0.041">
  <properties/>
  <testcase name="dequeueOnNonEmptyQueueDecreasesQueueSizeByOne()" classname="task.PersonQueueTest" time="0.024"/>
  <testcase name="dequeOnEmptyQueueThrowsNoSuchElementException()" classname="task.PersonQueueTest" time="0.002"/>
  <testcase name="repeatedEnqueueDequeuePeekYieldsCorrectFinalQueue()" classname="task.PersonQueueTest" time="0.001"/>
  <testcase name="peekOnEmptyQueueThrowsNoSuchElementException()" classname="task.PersonQueueTest" time="0.001"/>
  <testcase name="dequeueRetrievesElementsInOriginalOrder()" classname="task.PersonQueueTest" time="0.007"/>
  <testcase name="enqueueOnEmptyQueueYieldsQueueSizeOne()" classname="task.PersonQueueTest" time="0.001"/>
  <system-out><![CDATA[]]></system-out>
  <system-err><![CDATA[]]></system-err>
</testsuite>
